[2013-05-27 19:04:37] START
[2013-05-27 19:04:49] CREATE storefront.html: 0
[2013-05-27 19:05:26] EDIT hw4/static/storefront.html: 54
[2013-05-27 19:08:34] EDIT hw4/static/storefront.html: 1
[2013-05-27 19:08:52] DELETE hw4/static/storefront.html: -55
[2013-05-27 19:08:55] DELETE hw4/static/storefront.html.bak: -54
[2013-05-27 19:09:11] CREATE default/storefront.html: 0
[2013-05-27 19:09:18] EDIT hw4/views/default/storefront.html: 52
[2013-05-27 19:09:48] EDIT hw4/views/default/storefront.html: 0
[2013-05-27 19:10:49] EDIT hw4/views/default/storefront.html: 0
[2013-05-27 19:12:06] EDIT hw4/controllers/default.py: 1
[2013-05-27 19:22:21] EDIT hw4/views/default/storefront.html: 7
[2013-05-27 19:23:07] EDIT hw4/views/default/storefront.html: 0
[2013-05-27 19:24:18] EDIT hw4/views/default/storefront.html: 0
[2013-05-27 19:24:31] EDIT hw4/views/default/storefront.html: 0
[2013-05-27 19:24:32] EDIT hw4/views/default/storefront.html: 0
[2013-05-27 19:25:46] EDIT hw4/views/default/storefront.html: 0
[2013-05-27 19:28:28] EDIT hw4/views/default/storefront.html: 0
[2013-05-27 19:28:53] EDIT hw4/views/default/storefront.html: 0
[2013-05-27 19:33:42] EDIT hw4/views/default/storefront.html: 0
[2013-05-27 19:33:45] EDIT hw4/views/default/storefront.html: 0
[2013-05-27 19:36:28] EDIT hw4/views/default/storefront.html: 0
[2013-05-27 19:38:06] EDIT hw4/views/default/storefront.html: 0
[2013-05-27 19:40:35] EDIT hw4/views/default/storefront.html: 1
[2013-05-27 19:41:38] EDIT hw4/views/default/storefront.html: 0
[2013-05-27 19:41:58] EDIT hw4/views/default/storefront.html: 0
[2013-05-27 19:45:42] EDIT hw4/views/default/storefront.html: 5
[2013-05-27 19:52:37] EDIT hw4/views/default/storefront.html: 0
[2013-05-27 19:52:48] EDIT hw4/views/default/storefront.html: 0
[2013-05-27 19:53:11] EDIT hw4/views/default/storefront.html: 0
[2013-05-27 19:53:46] EDIT hw4/views/default/storefront.html: 1
[2013-05-27 19:54:07] EDIT hw4/views/default/storefront.html: 0
[2013-05-27 19:55:00] EDIT hw4/views/default/storefront.html: -1
[2013-05-27 19:55:24] EDIT hw4/views/default/storefront.html: 0
[2013-05-27 19:56:13] EDIT hw4/views/default/storefront.html: -5
[2013-05-27 19:56:51] EDIT hw4/views/default/storefront.html: -2
[2013-05-27 19:57:55] EDIT hw4/views/default/storefront.html: 2
[2013-05-27 19:58:08] EDIT hw4/views/default/storefront.html: 0
[2013-05-27 19:58:35] EDIT hw4/views/default/storefront.html: 0
[2013-05-27 19:59:02] EDIT hw4/views/default/storefront.html: 0
[2013-05-27 19:59:52] CREATE style.css: 0
[2013-05-27 20:01:57] EDIT hw4/static/style.css: 3
[2013-05-27 20:03:05] EDIT hw4/views/default/storefront.html: 1
[2013-05-27 20:03:32] EDIT hw4/static/style.css: 1
[2013-05-27 20:03:43] EDIT hw4/static/style.css: 0
[2013-05-27 20:05:16] EDIT hw4/static/style.css: 3
[2013-05-27 20:05:28] EDIT hw4/views/default/storefront.html: 0
[2013-05-27 20:06:01] EDIT hw4/views/default/storefront.html: 0
[2013-05-27 20:06:11] EDIT hw4/static/style.css: 1
[2013-05-27 20:06:45] EDIT hw4/static/style.css: 3
[2013-05-27 20:06:57] EDIT hw4/static/style.css: 0
[2013-05-27 20:07:20] EDIT hw4/static/style.css: 0
[2013-05-27 20:07:52] EDIT hw4/static/style.css: 3
[2013-05-27 20:08:10] EDIT hw4/static/style.css: -1
[2013-05-27 20:08:37] EDIT hw4/views/default/storefront.html: 0
[2013-05-27 20:08:37] EDIT hw4/views/default/storefront.html: 0
[2013-05-27 20:08:51] EDIT hw4/static/style.css: 1
[2013-05-27 20:09:03] EDIT hw4/static/style.css: 0
[2013-05-27 20:09:11] EDIT hw4/static/style.css: 0
[2013-05-27 20:09:40] EDIT hw4/static/style.css: 0
[2013-05-27 20:10:13] EDIT hw4/static/style.css: 1
[2013-05-27 20:10:21] EDIT hw4/static/style.css: 0
[2013-05-27 20:11:39] EDIT hw4/static/style.css: -1
[2013-05-27 20:11:46] EDIT hw4/static/style.css: 0
[2013-05-27 20:11:46] EDIT hw4/static/style.css: 0
[2013-05-27 20:11:53] EDIT hw4/static/style.css: 0
[2013-05-27 20:12:01] EDIT hw4/static/style.css: 0
[2013-05-27 20:12:14] EDIT hw4/static/style.css: 0
[2013-05-27 20:13:48] EDIT hw4/static/style.css: 2
[2013-05-27 20:14:11] EDIT hw4/static/style.css: 0
[2013-05-27 20:14:18] EDIT hw4/static/style.css: 0
[2013-05-27 20:14:41] EDIT hw4/static/style.css: 0
[2013-05-27 20:14:53] EDIT hw4/static/style.css: 0
[2013-05-27 20:15:20] EDIT hw4/static/style.css: 0
[2013-05-27 20:16:24] EDIT hw4/static/style.css: 0
[2013-05-27 20:17:28] EDIT hw4/static/style.css: 0
[2013-05-27 20:17:41] EDIT hw4/static/style.css: 0
[2013-05-27 20:17:49] EDIT hw4/static/style.css: 0
[2013-05-27 20:18:00] EDIT hw4/static/style.css: 1
[2013-05-27 20:18:07] EDIT hw4/static/style.css: 0
[2013-05-27 20:18:33] EDIT hw4/views/default/storefront.html: 0
[2013-05-27 20:18:43] EDIT hw4/static/style.css: 0
[2013-05-27 20:21:11] EDIT hw4/views/default/storefront.html: 0
[2013-05-27 20:21:42] EDIT hw4/views/default/storefront.html: 0
[2013-05-27 20:21:52] EDIT hw4/views/default/storefront.html: 0
[2013-05-27 20:23:51] EDIT hw4/static/style.css: 6
[2013-05-27 20:24:12] EDIT hw4/static/style.css: 0
[2013-05-27 20:24:54] EDIT hw4/static/style.css: 5
[2013-05-27 20:25:24] EDIT hw4/views/default/storefront.html: 2
[2013-05-27 20:26:58] EDIT hw4/views/default/storefront.html: 1
[2013-05-27 20:27:50] EDIT hw4/static/style.css: 3
[2013-05-27 20:29:40] EDIT hw4/views/default/storefront.html: 3
[2013-05-27 20:29:56] EDIT hw4/views/default/storefront.html: 0
[2013-05-27 20:32:04] EDIT hw4/static/style.css: 1
[2013-05-27 20:34:54] EDIT hw4/static/style.css: -1
[2013-05-27 20:35:07] EDIT hw4/static/style.css: -1
[2013-05-27 20:35:19] EDIT hw4/static/style.css: 1
[2013-05-27 20:35:39] EDIT hw4/static/style.css: 0
[2013-05-27 20:35:55] EDIT hw4/static/style.css: -1
[2013-05-27 20:36:06] EDIT hw4/static/style.css: 1
[2013-05-27 20:36:54] EDIT hw4/static/style.css: -1
[2013-05-27 20:38:17] EDIT hw4/static/style.css: 1
[2013-05-27 20:38:27] EDIT hw4/static/style.css: 0
[2013-05-27 20:38:51] EDIT hw4/static/style.css: 1
[2013-05-27 20:39:27] EDIT hw4/static/style.css: -1
[2013-05-27 20:39:32] EDIT hw4/static/style.css: 0
[2013-05-27 20:39:33] EDIT hw4/static/style.css: 0
[2013-05-27 20:39:40] EDIT hw4/static/style.css: -1
[2013-05-27 20:40:36] EDIT hw4/static/style.css: 0
[2013-05-27 20:42:55] EDIT hw4/static/style.css: 3
[2013-05-27 20:43:36] EDIT hw4/static/style.css: 0
[2013-05-27 20:44:15] EDIT hw4/static/style.css: -1
[2013-05-27 20:44:32] EDIT hw4/static/style.css: 0
[2013-05-27 20:44:38] EDIT hw4/static/style.css: 0
[2013-05-27 20:44:40] EDIT hw4/static/style.css: 0
[2013-05-27 20:45:43] EDIT hw4/static/style.css: 1
[2013-05-27 20:46:02] EDIT hw4/static/style.css: 0
[2013-05-27 20:46:10] EDIT hw4/static/style.css: 0
[2013-05-27 20:46:34] EDIT hw4/static/style.css: 0
[2013-05-27 20:46:45] EDIT hw4/static/style.css: 0
[2013-05-27 20:47:02] EDIT hw4/static/style.css: 0
[2013-05-27 20:47:08] EDIT hw4/static/style.css: 0
[2013-05-27 20:47:08] EDIT hw4/static/style.css: 0
[2013-05-27 20:47:13] EDIT hw4/static/style.css: 0
[2013-05-27 20:47:23] EDIT hw4/static/style.css: 0
[2013-05-27 20:47:47] EDIT hw4/static/style.css: 0
[2013-05-27 20:48:56] EDIT hw4/views/default/storefront.html: 0
[2013-05-27 20:49:00] EDIT hw4/static/style.css: -1
[2013-05-27 20:49:14] EDIT hw4/static/style.css: 0
[2013-05-27 20:49:22] EDIT hw4/static/style.css: 0
[2013-05-27 20:50:11] EDIT hw4/views/default/storefront.html: 0
[2013-05-27 20:50:25] EDIT hw4/static/style.css: -1
[2013-05-27 20:50:58] EDIT hw4/static/style.css: 1
[2013-05-27 20:51:12] EDIT hw4/static/style.css: 0
[2013-05-27 20:51:21] EDIT hw4/static/style.css: 0
[2013-05-27 20:51:32] EDIT hw4/static/style.css: -2
[2013-05-27 20:51:56] EDIT hw4/static/style.css: 0
[2013-05-27 20:52:07] EDIT hw4/static/style.css: 0
[2013-05-27 20:52:37] EDIT hw4/static/style.css: 2
[2013-05-27 20:52:45] EDIT hw4/static/style.css: 0
[2013-05-27 20:53:32] EDIT hw4/views/default/storefront.html: 0
[2013-05-27 20:53:57] EDIT hw4/views/default/storefront.html: 0
[2013-05-27 20:54:42] EDIT hw4/views/default/storefront.html: 0
[2013-05-27 20:55:01] EDIT hw4/views/default/storefront.html: 0
[2013-05-27 20:56:40] EDIT hw4/views/default/storefront.html: 6
[2013-05-27 20:57:31] EDIT hw4/views/default/storefront.html: 0
[2013-05-27 20:57:56] EDIT hw4/views/default/storefront.html: 0
[2013-05-27 20:58:31] EDIT hw4/views/default/storefront.html: 0
[2013-05-27 20:58:51] EDIT hw4/views/default/storefront.html: 0
[2013-05-27 21:01:33] EDIT hw4/views/default/storefront.html: -1
[2013-05-27 21:01:51] EDIT hw4/views/default/storefront.html: 1
[2013-05-27 21:03:33] EDIT hw4/views/default/storefront.html: 0
[2013-05-27 21:28:51] EDIT hw4/views/default/storefront.html: 0
[2013-05-27 21:38:28] EDIT hw4/models/menu.py: 0
[2013-05-27 21:43:21] EDIT hw4/models/menu.py: 0
[2013-05-27 21:47:44] EDIT hw4/views/default/storefront.html: 3
[2013-05-27 22:05:50] EDIT hw4/views/default/storefront.html: 3
[2013-05-27 22:06:09] EDIT hw4/views/default/storefront.html: 1
[2013-05-27 22:06:35] EDIT hw4/views/default/storefront.html: 2
[2013-05-27 22:07:54] EDIT hw4/views/default/storefront.html: 0
[2013-05-27 22:08:51] EDIT hw4/views/default/storefront.html: 2
[2013-05-27 22:10:59] EDIT hw4/views/default/storefront.html: 0
[2013-05-27 22:20:46] EDIT hw4/views/default/storefront.html: 7
[2013-05-27 22:21:34] EDIT hw4/views/default/storefront.html: 0
[2013-05-27 22:23:39] EDIT hw4/views/default/storefront.html: 0
[2013-05-27 22:26:26] EDIT hw4/views/default/storefront.html: 1
[2013-05-27 22:26:50] EDIT hw4/views/default/storefront.html: 0
[2013-05-27 22:27:35] EDIT hw4/views/default/storefront.html: 0
[2013-05-27 22:27:45] EDIT hw4/views/default/storefront.html: -1
[2013-05-27 22:28:12] EDIT hw4/views/default/storefront.html: 0
[2013-05-27 22:28:36] EDIT hw4/views/default/storefront.html: 0
[2013-05-27 22:29:49] EDIT hw4/views/default/storefront.html: 0
[2013-05-27 22:35:18] EDIT hw4/views/default/storefront.html: 0
[2013-05-27 22:36:50] EDIT hw4/views/default/storefront.html: 0
[2013-05-27 22:37:03] EDIT hw4/views/default/storefront.html: 0
[2013-05-27 22:37:17] EDIT hw4/views/default/storefront.html: 0
[2013-05-27 22:38:22] EDIT hw4/views/default/storefront.html: 0
[2013-05-27 22:39:29] EDIT hw4/views/default/storefront.html: 2
[2013-05-27 22:40:35] EDIT hw4/views/default/storefront.html: 0
[2013-05-27 22:41:12] EDIT hw4/views/default/storefront.html: 0
[2013-05-27 22:42:01] EDIT hw4/views/default/storefront.html: 0
[2013-05-27 22:42:45] EDIT hw4/views/default/storefront.html: 0
[2013-05-27 22:43:47] EDIT hw4/views/default/storefront.html: 4
[2013-05-27 23:22:31] EDIT hw4/views/default/storefront.html: 0
[2013-05-27 23:22:39] EDIT hw4/views/default/storefront.html: 0
[2013-05-27 23:32:24] EDIT hw4/views/default/storefront.html: 2
[2013-05-27 23:32:47] EDIT hw4/views/default/storefront.html: 1
[2013-05-27 23:33:32] EDIT hw4/views/default/storefront.html: 1
[2013-05-27 23:34:18] EDIT hw4/views/default/storefront.html: 0
[2013-05-27 23:44:52] EDIT hw4/views/default/storefront.html: 30
[2013-05-27 23:46:00] EDIT hw4/views/default/storefront.html: 21
[2013-05-27 23:51:55] EDIT hw4/views/default/storefront.html: 0
[2013-05-27 23:54:00] EDIT hw4/views/default/storefront.html: 1
[2013-05-27 23:57:21] EDIT hw4/views/default/storefront.html: 4
[2013-05-27 23:58:16] EDIT hw4/views/default/storefront.html: 0
[2013-05-27 23:58:51] EDIT hw4/views/default/storefront.html: -30
[2013-05-27 23:59:55] EDIT hw4/views/default/storefront.html: 0
[2013-05-28 00:00:05] EDIT hw4/views/default/storefront.html: 0
[2013-05-28 00:02:17] EDIT hw4/views/default/storefront.html: 2
[2013-05-28 00:03:53] EDIT hw4/views/default/storefront.html: 5
[2013-05-28 00:05:07] EDIT hw4/views/default/storefront.html: 5
[2013-05-28 00:05:28] EDIT hw4/views/default/storefront.html: 0
[2013-05-28 00:05:30] EDIT hw4/views/default/storefront.html: 0
[2013-05-28 00:05:41] EDIT hw4/views/default/storefront.html: 0
[2013-05-28 00:06:28] EDIT hw4/views/default/storefront.html: 0
[2013-05-28 00:06:40] EDIT hw4/views/default/storefront.html: 0
[2013-05-28 00:06:53] EDIT hw4/views/default/storefront.html: 0
[2013-05-28 00:09:12] EDIT hw4/views/default/storefront.html: -13
[2013-05-28 00:10:33] EDIT hw4/views/default/storefront.html: 0
[2013-05-28 00:10:53] EDIT hw4/views/default/storefront.html: 0
[2013-05-28 00:11:27] EDIT hw4/views/default/storefront.html: 0
[2013-05-28 00:11:37] EDIT hw4/views/default/storefront.html: 0
[2013-05-28 00:13:54] EDIT hw4/views/default/storefront.html: 0
[2013-05-28 00:15:24] EDIT hw4/views/default/storefront.html: 1
[2013-05-28 00:15:38] EDIT hw4/views/default/storefront.html: 29
[2013-05-28 00:30:44] EDIT hw4/views/default/storefront.html: 3
[2013-05-28 00:33:04] EDIT hw4/views/default/storefront.html: 8
[2013-05-28 00:33:35] EDIT hw4/views/default/storefront.html: 0
[2013-05-28 00:34:09] EDIT hw4/views/default/storefront.html: 0
[2013-05-28 00:35:06] EDIT hw4/views/default/storefront.html: 1
[2013-05-28 00:35:53] EDIT hw4/views/default/storefront.html: 1
[2013-05-28 00:36:18] EDIT hw4/views/default/storefront.html: 1
[2013-05-28 00:38:23] EDIT hw4/views/default/storefront.html: -2
[2013-05-28 00:39:26] EDIT hw4/views/default/storefront.html: 0
[2013-05-28 00:39:47] EDIT hw4/static/style.css: 1
[2013-05-28 00:40:04] EDIT hw4/static/style.css: 2
[2013-05-28 00:40:16] EDIT hw4/static/style.css: 3
[2013-05-28 00:41:18] EDIT hw4/static/style.css: 1
[2013-05-28 00:41:36] EDIT hw4/static/style.css: 0
[2013-05-28 00:41:50] EDIT hw4/static/style.css: 0
[2013-05-28 00:41:55] EDIT hw4/static/style.css: 0
[2013-05-28 00:42:32] EDIT hw4/static/style.css: 0
[2013-05-28 00:45:57] EDIT hw4/views/default/storefront.html: 4
[2013-05-28 00:47:22] EDIT hw4/views/default/storefront.html: 1
[2013-05-28 00:47:27] EDIT hw4/views/default/storefront.html: 1
[2013-05-28 00:47:44] EDIT hw4/views/default/storefront.html: 2
[2013-05-28 00:48:54] EDIT hw4/views/default/storefront.html: 0
[2013-05-28 00:50:58] EDIT hw4/views/default/storefront.html: 2
[2013-05-28 00:53:24] EDIT hw4/views/default/storefront.html: 0
[2013-05-28 00:53:51] EDIT hw4/views/default/storefront.html: 2
[2013-05-28 00:54:08] EDIT hw4/views/default/storefront.html: 0
[2013-05-28 00:54:22] EDIT hw4/views/default/storefront.html: 0
[2013-05-28 00:55:09] EDIT hw4/views/default/storefront.html: 6
[2013-05-28 00:56:04] EDIT hw4/views/default/storefront.html: 1
[2013-05-28 00:56:04] EDIT hw4/views/default/storefront.html: 0
[2013-05-28 00:56:54] EDIT hw4/views/default/storefront.html: -1
[2013-05-28 00:56:55] EDIT hw4/views/default/storefront.html: 0
[2013-05-28 00:57:14] EDIT hw4/views/default/storefront.html: -1
[2013-05-28 00:57:27] EDIT hw4/views/default/storefront.html: 1
[2013-05-28 00:57:28] EDIT hw4/views/default/storefront.html: 0
[2013-05-28 00:57:28] EDIT hw4/views/default/storefront.html: 0
[2013-05-28 00:57:29] EDIT hw4/views/default/storefront.html: 0
[2013-05-28 00:57:29] EDIT hw4/views/default/storefront.html: 0
[2013-05-28 00:57:48] EDIT hw4/views/default/storefront.html: 1
[2013-05-28 00:58:27] EDIT hw4/views/default/storefront.html: 0
[2013-05-28 00:58:53] EDIT hw4/views/default/storefront.html: 3
[2013-05-28 00:59:17] EDIT hw4/views/default/storefront.html: 0
[2013-05-28 01:06:42] EDIT hw4/views/default/storefront.html: 10
[2013-05-28 01:09:27] EDIT hw4/views/default/storefront.html: 7
[2013-05-28 01:10:34] EDIT hw4/views/default/storefront.html: 3
[2013-05-28 01:11:48] EDIT hw4/views/default/storefront.html: -2
[2013-05-28 01:14:17] EDIT hw4/views/default/storefront.html: 1
[2013-05-28 01:14:52] EDIT hw4/views/default/storefront.html: 1
[2013-05-28 01:16:24] EDIT hw4/views/default/storefront.html: 6
[2013-05-28 01:16:44] EDIT hw4/views/default/storefront.html: 0
[2013-05-28 01:17:30] EDIT hw4/views/default/storefront.html: 0
[2013-05-28 01:19:00] EDIT hw4/views/default/storefront.html: 8
[2013-05-28 01:35:47] EDIT hw4/views/default/storefront.html: 7
[2013-05-28 01:41:57] EDIT hw4/views/default/storefront.html: -2
[2013-05-28 01:42:42] EDIT hw4/views/default/storefront.html: 0
[2013-05-28 01:43:18] EDIT hw4/views/default/storefront.html: 1
[2013-05-28 01:49:41] EDIT hw4/views/default/storefront.html: -1
[2013-05-28 01:49:45] EDIT hw4/views/default/storefront.html: 0
[2013-05-28 01:49:51] EDIT hw4/views/default/storefront.html: 0
[2013-05-28 01:50:38] EDIT hw4/views/default/storefront.html: 0
[2013-05-28 01:50:39] EDIT hw4/views/default/storefront.html: 0
[2013-05-28 01:51:47] EDIT hw4/views/default/storefront.html: 0
[2013-05-28 01:53:59] EDIT hw4/views/default/storefront.html: 0
[2013-05-28 01:54:08] EDIT hw4/views/default/storefront.html: 0
[2013-05-28 01:54:43] EDIT hw4/views/default/storefront.html: 0
[2013-05-28 01:55:12] EDIT hw4/views/default/storefront.html: 1
[2013-05-28 01:55:40] EDIT hw4/views/default/storefront.html: 0
[2013-05-28 01:56:29] EDIT hw4/views/default/storefront.html: 0
[2013-05-28 01:58:09] EDIT hw4/views/default/storefront.html: 0
[2013-05-28 01:58:59] EDIT hw4/views/default/storefront.html: 0
[2013-05-28 01:58:59] EDIT hw4/views/default/storefront.html: 0
[2013-05-28 01:59:03] EDIT hw4/views/default/storefront.html: -1
[2013-05-28 02:01:27] EDIT hw4/views/default/storefront.html: 1
[2013-05-28 02:06:45] EDIT hw4/views/default/storefront.html: 1
[2013-05-28 02:07:22] EDIT hw4/views/default/storefront.html: -1
[2013-05-28 02:10:44] EDIT hw4/views/default/storefront.html: 0
[2013-05-28 02:11:37] EDIT hw4/views/default/storefront.html: 0
[2013-05-28 02:14:12] EDIT hw4/views/default/storefront.html: -2
[2013-05-28 02:15:56] EDIT hw4/views/default/storefront.html: 0
[2013-05-28 02:17:01] EDIT hw4/controllers/default.py: 3
[2013-05-28 02:20:18] EDIT hw4/views/default/storefront.html: 1
[2013-05-28 02:25:28] EDIT hw4/views/default/storefront.html: 4
[2013-05-28 02:26:11] EDIT hw4/views/default/storefront.html: -2
[2013-05-28 02:27:06] EDIT hw4/views/default/storefront.html: 0
[2013-05-28 02:27:32] EDIT hw4/views/default/storefront.html: 0
[2013-05-28 02:30:08] EDIT hw4/views/default/storefront.html: 2
[2013-05-28 02:30:09] EDIT hw4/views/default/storefront.html: 0
[2013-05-28 02:31:08] EDIT hw4/views/default/storefront.html: 0
[2013-05-28 02:32:18] EDIT hw4/views/default/storefront.html: 0
[2013-05-28 02:32:57] EDIT hw4/views/default/storefront.html: 0
[2013-05-28 02:35:29] EDIT hw4/views/default/storefront.html: 1
[2013-05-28 02:35:39] EDIT hw4/views/default/storefront.html: 0
[2013-05-28 02:36:43] EDIT hw4/views/default/storefront.html: 1
[2013-05-28 02:37:23] EDIT hw4/views/default/storefront.html: -1
[2013-05-28 02:37:42] EDIT hw4/views/default/storefront.html: 0
[2013-05-28 02:40:38] EDIT hw4/views/default/storefront.html: 0
[2013-05-28 02:42:52] EDIT hw4/views/default/storefront.html: 0
[2013-05-28 02:45:06] EDIT hw4/views/default/storefront.html: -5
[2013-05-28 02:46:04] EDIT hw4/views/default/storefront.html: 0
[2013-05-28 02:46:14] EDIT hw4/views/default/storefront.html: -1
[2013-05-28 02:49:17] EDIT hw4/views/default/storefront.html: 20
[2013-05-28 02:50:30] EDIT hw4/views/default/storefront.html: 1
[2013-05-28 02:54:46] EDIT hw4/views/default/storefront.html: 5
[2013-05-28 02:55:30] EDIT hw4/views/default/storefront.html: 1
[2013-05-28 02:56:29] EDIT hw4/views/default/storefront.html: 1
[2013-05-28 02:57:06] EDIT hw4/views/default/storefront.html: -1
[2013-05-28 02:58:22] EDIT hw4/views/default/storefront.html: -6
[2013-05-28 02:58:33] EDIT hw4/views/default/storefront.html: 0
[2013-05-28 02:58:33] EDIT hw4/views/default/storefront.html: 0
[2013-05-28 02:58:40] EDIT hw4/views/default/storefront.html: 0
[2013-05-28 02:59:53] EDIT hw4/views/default/storefront.html: 1
[2013-05-28 03:00:07] EDIT hw4/views/default/storefront.html: -1
[2013-05-28 03:00:24] EDIT hw4/views/default/storefront.html: 6
[2013-05-28 03:00:36] EDIT hw4/views/default/storefront.html: 1
[2013-05-28 03:02:49] EDIT hw4/views/default/storefront.html: 0
[2013-05-28 03:03:04] EDIT hw4/views/default/storefront.html: -1
[2013-05-28 03:04:21] EDIT hw4/views/default/storefront.html: -2
[2013-05-28 03:04:35] EDIT hw4/views/default/storefront.html: 2
[2013-05-28 03:05:12] EDIT hw4/views/default/storefront.html: 3
[2013-05-28 03:07:12] EDIT hw4/views/default/storefront.html: -1
[2013-05-28 03:07:13] EDIT hw4/views/default/storefront.html: 0
[2013-05-28 03:07:13] EDIT hw4/views/default/storefront.html: 0
[2013-05-28 03:07:33] EDIT hw4/views/default/storefront.html: -20
[2013-05-28 03:07:53] EDIT hw4/views/default/storefront.html: 21
[2013-05-28 03:08:22] EDIT hw4/views/default/storefront.html: 0
[2013-05-28 03:08:31] EDIT hw4/views/default/storefront.html: 0
[2013-05-28 03:08:31] EDIT hw4/views/default/storefront.html: 0
[2013-05-28 03:09:36] EDIT hw4/views/default/storefront.html: -6
[2013-05-28 03:09:36] EDIT hw4/views/default/storefront.html: 0
[2013-05-28 03:09:47] EDIT hw4/views/default/storefront.html: 6
[2013-05-28 03:12:29] EDIT hw4/views/default/storefront.html: -6
[2013-05-28 03:12:33] EDIT hw4/views/default/storefront.html: -3
[2013-05-28 03:13:06] EDIT hw4/views/default/storefront.html: -20
[2013-05-28 03:13:27] EDIT hw4/views/default/storefront.html: -1
[2013-05-28 03:13:53] EDIT hw4/views/default/storefront.html: 0
[2013-05-28 03:17:46] EDIT hw4/views/default/storefront.html: 1
[2013-05-28 03:18:13] EDIT hw4/views/default/storefront.html: 0
[2013-05-28 03:18:26] EDIT hw4/views/default/storefront.html: 0
[2013-05-28 03:18:38] EDIT hw4/views/default/storefront.html: 0
[2013-05-28 03:18:38] EDIT hw4/views/default/storefront.html: 0
[2013-05-28 03:18:39] EDIT hw4/views/default/storefront.html: 0
[2013-05-28 03:18:58] EDIT hw4/views/default/storefront.html: 0
[2013-05-28 03:19:07] EDIT hw4/views/default/storefront.html: 0
[2013-05-28 03:19:18] EDIT hw4/views/default/storefront.html: 0
[2013-05-28 03:22:14] EDIT hw4/views/default/storefront.html: -1
[2013-05-28 03:25:23] EDIT hw4/views/default/storefront.html: 0
[2013-05-28 03:25:48] EDIT hw4/views/default/storefront.html: 0
[2013-05-28 03:25:51] EDIT hw4/views/default/storefront.html: 0
[2013-05-28 03:26:03] EDIT hw4/views/default/storefront.html: 0
[2013-05-28 03:26:28] EDIT hw4/views/default/storefront.html: 6
[2013-05-28 03:26:37] EDIT hw4/views/default/storefront.html: 1
[2013-05-28 03:26:53] EDIT hw4/views/default/storefront.html: 20
[2013-05-28 03:28:49] EDIT hw4/views/default/storefront.html: 3
[2013-05-28 03:31:07] EDIT hw4/views/default/storefront.html: 6
[2013-05-28 03:31:11] EDIT hw4/views/default/storefront.html: 0
[2013-05-28 03:31:30] EDIT hw4/views/default/storefront.html: 0
[2013-05-28 03:31:44] EDIT hw4/views/default/storefront.html: 0
[2013-05-28 03:33:56] EDIT hw4/views/default/storefront.html: 0
[2013-05-28 03:36:44] EDIT hw4/models/menu.py: -1
[2013-05-28 03:36:54] EDIT hw4/models/menu.py: 0
[2013-05-28 03:37:42] EDIT hw4/models/menu.py: -98
[2013-05-28 03:38:05] EDIT hw4/models/menu.py: 0
[2013-05-28 03:38:21] EDIT hw4/models/menu.py: 0
[2013-05-28 03:40:19] EDIT hw4/views/layout.html: 0
[2013-05-28 03:40:38] EDIT hw4/views/layout.html: 0
[2013-05-28 03:41:22] EDIT hw4/views/layout.html: 2
[2013-05-28 03:48:23] EDIT hw4/views/default/storefront.html: 3
[2013-05-28 03:48:40] EDIT hw4/views/default/storefront.html: 1
[2013-05-28 03:50:36] EDIT hw4/views/default/storefront.html: 1
[2013-05-28 03:51:31] EDIT hw4/views/default/storefront.html: 0
[2013-05-28 03:54:13] EDIT hw4/views/default/storefront.html: 6
[2013-05-28 03:54:30] EDIT hw4/views/default/storefront.html: 1
[2013-05-28 03:54:42] EDIT hw4/views/default/storefront.html: 3
[2013-05-28 03:55:41] EDIT hw4/views/default/storefront.html: 0
[2013-05-28 03:57:07] EDIT hw4/views/default/storefront.html: 0
[2013-05-28 03:58:09] EDIT hw4/views/default/storefront.html: 0
[2013-05-28 03:58:42] EDIT hw4/views/default/storefront.html: 0
[2013-05-28 03:59:21] EDIT hw4/views/default/storefront.html: 0
[2013-05-28 04:00:31] EDIT hw4/views/default/storefront.html: 0
[2013-05-28 04:01:17] EDIT hw4/views/default/storefront.html: 0
[2013-05-28 04:03:25] EDIT hw4/views/default/storefront.html: 2
[2013-05-28 04:03:57] EDIT hw4/views/default/storefront.html: -1
[2013-05-28 04:03:58] EDIT hw4/views/default/storefront.html: 0
[2013-05-28 04:05:03] EDIT hw4/views/default/storefront.html: 0
[2013-05-28 04:05:25] EDIT hw4/views/default/storefront.html: 0
[2013-05-28 04:07:12] EDIT hw4/views/default/storefront.html: 0
[2013-05-28 04:07:21] EDIT hw4/views/default/storefront.html: -1
[2013-05-28 04:07:32] EDIT hw4/views/default/storefront.html: -2
[2013-05-28 04:08:48] EDIT hw4/views/default/storefront.html: 0
[2013-05-28 04:09:34] EDIT hw4/views/default/storefront.html: 0
[2013-05-28 04:10:32] EDIT hw4/views/default/storefront.html: 3
[2013-05-28 04:10:59] EDIT hw4/views/default/storefront.html: 0
[2013-05-28 04:11:35] EDIT hw4/views/default/storefront.html: 0
[2013-05-28 04:12:33] EDIT hw4/views/default/storefront.html: 0
[2013-05-28 04:12:45] EDIT hw4/views/default/storefront.html: 0
[2013-05-28 04:13:47] EDIT hw4/views/default/storefront.html: 0
[2013-05-28 04:14:09] EDIT hw4/views/default/storefront.html: -3
[2013-05-28 04:14:37] EDIT hw4/views/default/storefront.html: 2
[2013-05-28 04:15:02] EDIT hw4/views/default/storefront.html: 0
[2013-05-28 04:15:50] EDIT hw4/views/default/storefront.html: 0
[2013-05-28 04:15:54] EDIT hw4/views/default/storefront.html: 0
[2013-05-28 04:16:06] EDIT hw4/views/default/storefront.html: 1
[2013-05-28 04:17:38] EDIT hw4/views/default/storefront.html: -3
[2013-05-28 04:17:40] EDIT hw4/views/default/storefront.html: 0
[2013-05-28 04:18:56] EDIT hw4/views/default/storefront.html: 4
[2013-05-28 04:20:18] EDIT hw4/views/default/storefront.html: 0
[2013-05-28 04:20:25] EDIT hw4/views/default/storefront.html: -1
[2013-05-28 04:22:44] EDIT hw4/views/default/storefront.html: 0
[2013-05-28 04:23:08] EDIT hw4/views/default/storefront.html: 0
[2013-05-28 04:25:11] EDIT hw4/views/default/storefront.html: 1
[2013-05-28 04:25:57] EDIT hw4/views/default/storefront.html: -1
[2013-05-28 04:27:34] EDIT hw4/views/default/storefront.html: 4
[2013-05-28 04:28:52] EDIT hw4/views/default/storefront.html: 0
[2013-05-28 04:30:11] EDIT hw4/views/default/storefront.html: 0
[2013-05-28 04:30:19] EDIT hw4/views/default/storefront.html: 0
[2013-05-28 04:31:22] EDIT hw4/views/default/storefront.html: 0
[2013-05-28 04:32:03] EDIT hw4/views/default/storefront.html: 1
[2013-05-28 04:32:54] EDIT hw4/views/default/storefront.html: 0
[2013-05-28 04:33:29] EDIT hw4/views/default/storefront.html: 0
[2013-05-28 04:34:59] EDIT hw4/views/default/storefront.html: 0
[2013-05-28 04:35:34] EDIT hw4/views/default/storefront.html: -1
[2013-05-28 04:35:41] EDIT hw4/views/default/storefront.html: 0
[2013-05-28 04:36:59] EDIT hw4/views/default/storefront.html: 1
[2013-05-28 04:38:02] EDIT hw4/views/default/storefront.html: 1
[2013-05-28 04:46:24] EDIT hw4/controllers/default.py: -7
[2013-06-11 23:24:42] EDIT hw4/views/default/storefront.html: 1
[2013-06-11 23:27:44] EDIT hw4/views/default/storefront.html: 0
[2013-06-11 23:29:14] EDIT hw4/views/default/storefront.html: 0
[2013-06-11 23:31:43] EDIT hw4/views/default/storefront.html: 1
[2013-06-11 23:32:40] EDIT hw4/static/style.css: 2
[2013-06-11 23:32:58] EDIT hw4/static/style.css: 2
[2013-06-11 23:33:22] EDIT hw4/static/style.css: 2
[2013-06-11 23:33:40] EDIT hw4/static/style.css: 1
[2013-06-11 23:34:05] EDIT hw4/static/style.css: 0
[2013-06-11 23:34:19] EDIT hw4/static/style.css: 0
[2013-06-11 23:34:28] EDIT hw4/static/style.css: 0
[2013-06-11 23:35:20] EDIT hw4/views/default/storefront.html: 0
[2013-06-11 23:35:36] EDIT hw4/static/style.css: 1
[2013-06-11 23:40:29] EDIT hw4/views/default/storefront.html: 2
[2013-06-11 23:40:58] EDIT hw4/static/style.css: 6
[2013-06-11 23:41:30] EDIT hw4/static/style.css: 0
[2013-06-11 23:41:31] EDIT hw4/static/style.css: 0
[2013-06-11 23:42:01] EDIT hw4/static/style.css: 0
[2013-06-11 23:42:28] EDIT hw4/static/style.css: 0
[2013-06-11 23:42:58] EDIT hw4/static/style.css: -2
[2013-06-11 23:43:07] EDIT hw4/static/style.css: -1
[2013-06-11 23:43:28] EDIT hw4/static/style.css: -1
[2013-06-11 23:43:36] EDIT hw4/static/style.css: 0
[2013-06-11 23:43:36] EDIT hw4/static/style.css: 0
[2013-06-11 23:43:50] EDIT hw4/static/style.css: 1
[2013-06-11 23:46:44] EDIT hw4/static/style.css: 5
[2013-06-11 23:48:44] EDIT hw4/static/style.css: -5
[2013-06-11 23:49:09] EDIT hw4/views/default/storefront.html: 0
[2013-06-11 23:49:26] EDIT hw4/static/style.css: 1
[2013-06-11 23:49:44] EDIT hw4/static/style.css: -1
[2013-06-11 23:49:59] EDIT hw4/static/style.css: 0
[2013-06-11 23:50:06] EDIT hw4/static/style.css: 0
[2013-06-11 23:50:33] EDIT hw4/static/style.css: 0
[2013-06-11 23:50:55] EDIT hw4/static/style.css: 0
[2013-06-11 23:51:10] EDIT hw4/static/style.css: 0
[2013-06-11 23:51:20] EDIT hw4/static/style.css: 0
[2013-06-11 23:51:27] EDIT hw4/static/style.css: 0
[2013-06-11 23:51:43] EDIT hw4/static/style.css: 0
[2013-06-11 23:52:04] EDIT hw4/static/style.css: 1
[2013-06-11 23:52:18] EDIT hw4/static/style.css: 0
[2013-06-11 23:52:52] EDIT hw4/views/default/storefront.html: 0
[2013-06-11 23:53:12] EDIT hw4/static/style.css: 2
[2013-06-11 23:53:25] EDIT hw4/static/style.css: 1
[2013-06-12 00:02:15] EDIT hw4/views/default/storefront.html: 7
[2013-06-12 00:03:38] EDIT hw4/views/default/storefront.html: 0
[2013-06-12 00:04:21] EDIT hw4/views/default/storefront.html: 0
[2013-06-12 00:07:28] EDIT hw4/views/default/storefront.html: 1
[2013-06-12 00:07:42] EDIT hw4/views/default/storefront.html: -5
[2013-06-12 00:08:14] EDIT hw4/views/default/storefront.html: 1
[2013-06-12 00:09:18] EDIT hw4/views/default/storefront.html: -1
[2013-06-12 00:09:37] EDIT hw4/views/default/storefront.html: 5
[2013-06-12 00:10:41] EDIT hw4/views/default/storefront.html: 0
[2013-06-12 00:14:46] EDIT hw4/views/default/storefront.html: 0
[2013-06-12 00:16:39] EDIT hw4/static/style.css: 0
[2013-06-12 00:17:55] EDIT hw4/views/default/storefront.html: 0
[2013-06-12 00:17:55] EDIT hw4/views/default/storefront.html: 0
[2013-06-12 00:19:39] EDIT hw4/views/default/storefront.html: -3
[2013-06-12 00:19:55] EDIT hw4/views/default/storefront.html: 3
[2013-06-12 00:20:20] EDIT hw4/views/default/storefront.html: 0
[2013-06-12 00:22:43] EDIT hw4/views/default/storefront.html: 0
[2013-06-12 00:22:56] EDIT hw4/views/default/storefront.html: 0
[2013-06-12 00:24:45] EDIT hw4/static/style.css: -12
[2013-06-12 00:25:13] EDIT hw4/static/style.css: 6
[2013-06-12 00:25:36] EDIT hw4/static/style.css: -2
[2013-06-12 00:26:21] EDIT hw4/static/style.css: 8
[2013-06-12 08:05:38] EDIT hw4/views/default/storefront.html: 0
[2013-06-12 08:08:07] EDIT hw4/views/default/storefront.html: 0
[2013-06-12 08:18:23] EDIT hw4/static/style.css: 1
[2013-06-12 08:18:36] EDIT hw4/static/style.css: 0
[2013-06-12 08:18:51] EDIT hw4/static/style.css: 0
[2013-06-12 08:19:16] EDIT hw4/static/style.css: 1
[2013-06-12 08:19:30] EDIT hw4/static/style.css: -1
[2013-06-12 08:19:57] EDIT hw4/static/style.css: 1
[2013-06-12 08:20:37] EDIT hw4/static/style.css: -1
[2013-06-12 08:21:04] EDIT hw4/static/style.css: -6
[2013-06-12 08:21:27] EDIT hw4/static/style.css: 6
[2013-06-12 08:24:40] EDIT hw4/views/default/storefront.html: 1
[2013-06-12 08:26:34] EDIT hw4/static/style.css: -2
[2013-06-12 08:27:37] EDIT hw4/static/style.css: 3
[2013-06-12 08:28:08] EDIT hw4/views/default/storefront.html: 0
[2013-06-12 08:28:58] EDIT hw4/views/default/storefront.html: 0
[2013-06-12 08:30:37] EDIT hw4/views/default/storefront.html: 0
[2013-06-12 08:30:56] EDIT hw4/views/default/storefront.html: 0
[2013-06-12 08:31:54] EDIT hw4/static/style.css: -1
[2013-06-12 08:32:18] EDIT hw4/static/style.css: 0
[2013-06-12 08:33:27] EDIT hw4/static/style.css: -1
[2013-06-12 08:35:31] EDIT hw4/static/style.css: 1
[2013-06-12 08:36:01] EDIT hw4/static/style.css: 0
[2013-06-12 08:38:13] EDIT hw4/static/style.css: 1
[2013-06-12 09:15:46] EDIT hw4/static/style.css: 3
[2013-06-12 09:21:16] EDIT hw4/views/default/storefront.html: -1
[2013-06-12 09:25:44] EDIT hw4/views/default/storefront.html: 0
[2013-06-12 09:33:30] EDIT hw4/views/default/storefront.html: 1
[2013-06-12 09:34:03] EDIT hw4/views/default/storefront.html: 1
[2013-06-12 09:34:03] EDIT hw4/views/default/storefront.html: 0
[2013-06-12 09:35:38] EDIT hw4/views/default/storefront.html: 2
[2013-06-12 09:36:26] EDIT hw4/views/default/storefront.html: 0
[2013-06-12 09:36:28] EDIT hw4/views/default/storefront.html: 0
[2013-06-12 09:36:28] EDIT hw4/views/default/storefront.html: 0
[2013-06-12 09:36:44] EDIT hw4/views/default/storefront.html: 0
[2013-06-12 09:36:58] EDIT hw4/views/default/storefront.html: -1
[2013-06-12 09:37:06] EDIT hw4/views/default/storefront.html: 0
[2013-06-12 09:37:55] EDIT hw4/views/default/storefront.html: 0
[2013-06-12 09:37:56] EDIT hw4/views/default/storefront.html: 0
[2013-06-12 09:38:30] EDIT hw4/views/default/storefront.html: -2
[2013-06-12 09:39:31] EDIT hw4/views/default/storefront.html: 1
[2013-06-12 09:40:02] EDIT hw4/views/default/storefront.html: 0
[2013-06-12 09:40:13] EDIT hw4/static/style.css: -1
[2013-06-12 09:41:06] EDIT hw4/views/default/storefront.html: 1
[2013-06-12 09:41:50] EDIT hw4/views/default/storefront.html: 0
[2013-06-12 09:45:49] EDIT hw4/views/default/storefront.html: 8
[2013-06-12 09:46:18] EDIT hw4/views/default/storefront.html: 1
[2013-06-12 09:49:15] EDIT hw4/views/default/storefront.html: 0
[2013-06-12 09:49:16] EDIT hw4/views/default/storefront.html: 0
[2013-06-12 09:50:51] EDIT hw4/views/default/storefront.html: -2
[2013-06-12 09:52:50] EDIT hw4/views/default/storefront.html: 1
[2013-06-12 09:53:08] EDIT hw4/views/default/storefront.html: 0
[2013-06-12 09:57:09] EDIT hw4/views/default/storefront.html: 0
[2013-06-12 09:57:39] EDIT hw4/views/default/storefront.html: 0
[2013-06-12 10:00:29] EDIT hw4/views/default/storefront.html: 0
[2013-06-12 10:00:56] EDIT hw4/views/default/storefront.html: 0
[2013-06-12 10:56:54] EDIT hw4/views/default/storefront.html: 9
[2013-06-12 10:57:16] EDIT hw4/views/default/storefront.html: 0
[2013-06-12 10:57:49] EDIT hw4/views/default/storefront.html: 1
[2013-06-12 10:58:58] EDIT hw4/views/default/storefront.html: 1
[2013-06-12 11:02:19] EDIT hw4/views/default/storefront.html: 2
[2013-06-12 11:02:32] EDIT hw4/views/default/storefront.html: 0
[2013-06-12 11:04:40] EDIT hw4/views/default/storefront.html: 0
[2013-06-12 11:05:05] EDIT hw4/views/default/storefront.html: 0
[2013-06-12 11:06:38] EDIT hw4/views/default/storefront.html: 2
[2013-06-12 11:07:16] EDIT hw4/views/default/storefront.html: 0
[2013-06-12 11:08:19] EDIT hw4/views/default/storefront.html: 1
[2013-06-12 11:08:39] EDIT hw4/views/default/storefront.html: -1
[2013-06-12 11:10:56] EDIT hw4/views/default/storefront.html: 0
[2013-06-12 11:11:09] EDIT hw4/views/default/storefront.html: 1
[2013-06-12 11:12:47] EDIT hw4/views/default/storefront.html: 0
[2013-06-12 11:13:04] EDIT hw4/views/default/storefront.html: 0
[2013-06-12 11:13:23] EDIT hw4/views/default/storefront.html: 0
[2013-06-12 11:14:46] EDIT hw4/views/default/storefront.html: 17
[2013-06-12 11:15:05] EDIT hw4/views/default/storefront.html: -19
[2013-06-12 11:16:36] EDIT hw4/views/default/storefront.html: 0
[2013-06-12 11:18:01] EDIT hw4/views/default/storefront.html: 3
[2013-06-12 11:18:21] EDIT hw4/views/default/storefront.html: 0
[2013-06-12 11:18:27] EDIT hw4/views/default/storefront.html: 0
[2013-06-12 11:18:50] EDIT hw4/static/style.css: 2
[2013-06-12 11:19:58] EDIT hw4/views/default/storefront.html: 0
[2013-06-12 11:22:33] EDIT hw4/views/default/storefront.html: 0
[2013-06-12 11:24:01] EDIT hw4/views/default/storefront.html: 4
[2013-06-12 11:24:56] EDIT hw4/static/style.css: 5
[2013-06-12 11:25:13] EDIT hw4/static/style.css: 0
[2013-06-12 11:25:31] EDIT hw4/views/default/storefront.html: 0
[2013-06-12 11:25:56] EDIT hw4/static/style.css: 1
[2013-06-12 11:25:56] EDIT hw4/static/style.css: 0
[2013-06-12 11:26:24] EDIT hw4/static/style.css: 1
[2013-06-12 11:27:25] EDIT hw4/static/style.css: 0
[2013-06-12 11:30:07] EDIT hw4/static/style.css: 0
[2013-06-12 11:32:05] EDIT hw4/views/default/storefront.html: -1
[2013-06-12 11:35:48] EDIT hw4/static/style.css: 0
[2013-06-12 11:36:44] EDIT hw4/static/style.css: -1
[2013-06-12 11:37:02] EDIT hw4/views/default/storefront.html: -3
[2013-06-12 11:40:28] EDIT hw4/static/style.css: 1
[2013-06-12 11:41:31] EDIT hw4/static/style.css: -1
[2013-06-12 11:41:31] EDIT hw4/static/style.css: 0
[2013-06-12 11:41:31] EDIT hw4/static/style.css: 0
[2013-06-12 11:41:31] EDIT hw4/static/style.css: 0
[2013-06-12 11:41:39] EDIT hw4/static/style.css: -1
[2013-06-12 11:42:01] EDIT hw4/static/style.css: 1
[2013-06-12 11:42:28] EDIT hw4/static/style.css: 0
[2013-06-12 11:42:45] EDIT hw4/static/style.css: 0
[2013-06-12 11:42:54] EDIT hw4/static/style.css: 0
[2013-06-12 11:43:13] EDIT hw4/static/style.css: 0
[2013-06-12 11:44:38] EDIT hw4/static/style.css: 2
[2013-06-12 11:45:02] EDIT hw4/static/style.css: 0
[2013-06-12 11:46:16] EDIT hw4/static/style.css: 0
[2013-06-12 11:46:27] EDIT hw4/static/style.css: 0
[2013-06-12 11:46:36] EDIT hw4/static/style.css: 0
[2013-06-12 11:47:04] EDIT hw4/static/style.css: 0
[2013-06-12 11:47:24] EDIT hw4/static/style.css: 0
[2013-06-12 11:47:59] EDIT hw4/static/style.css: 0
[2013-06-12 11:50:53] EDIT hw4/views/default/storefront.html: -1
